[debug] ----------------------------------------------------------------------
[debug] Command:      C:\Program Files\nodejs\node.exe C:\Users\דארקסייד\AppData\Roaming\npm\node_modules\firebase-tools\bin\firebase deploy
[debug] CLI Version:  3.5.0
[debug] Platform:     win32
[debug] Node Version: v6.10.0
[debug] Time:         Sun Jun 18 2017 04:29:59 GMT+0300 (הגדה המערבית ועזה - שעון קיץ)
[debug] ----------------------------------------------------------------------
[debug] 
[debug] > command requires scopes: ["email","openid","https://www.googleapis.com/auth/cloudplatformprojects.readonly","https://www.googleapis.com/auth/firebase","https://www.googleapis.com/auth/cloud-platform"]
[debug] > refreshing access token with scopes: ["email","https://www.googleapis.com/auth/cloud-platform","https://www.googleapis.com/auth/cloudplatformprojects.readonly","https://www.googleapis.com/auth/firebase","openid"]
[debug] >>> HTTP REQUEST POST https://www.googleapis.com/oauth2/v3/token { refresh_token: '1/xbT3V94oBy8JmFezDcyuR_exqUf-CxuE2NTJ6crAv6U',
  client_id: '563584335869-fgrhgmd47bqnekij5i8b5pr03ho849e6.apps.googleusercontent.com',
  client_secret: 'j9iVZfS8kkCEFUPaAeJV0sAi',
  grant_type: 'refresh_token',
  scope: 'email https://www.googleapis.com/auth/cloud-platform https://www.googleapis.com/auth/cloudplatformprojects.readonly https://www.googleapis.com/auth/firebase openid' } 
 Sun Jun 18 2017 04:29:59 GMT+0300 (הגדה המערבית ועזה - שעון קיץ)
[debug] <<< HTTP RESPONSE 200
[debug] >>> HTTP REQUEST GET https://admin.firebase.com/v1/projects/application-5baf2  
 Sun Jun 18 2017 04:30:06 GMT+0300 (הגדה המערבית ועזה - שעון קיץ)
[debug] <<< HTTP RESPONSE 200
[debug] >>> HTTP REQUEST GET https://admin.firebase.com/v1/database/application-5baf2/tokens  
 Sun Jun 18 2017 04:30:14 GMT+0300 (הגדה המערבית ועזה - שעון קיץ)
[debug] <<< HTTP RESPONSE 200
[info] 
[info] === Deploying to 'application-5baf2'...
[info] 
[info] i  deploying database, functions, hosting
[info] +  database: rules ready to deploy.
[debug] > [functions] package.json contents: {
  "name": "functions",
  "description": "Cloud Functions for Firebase",
  "dependencies": {
    "firebase-admin": "^4.1.2",
    "firebase-functions": "^0.5"
  },
  "private": true
}
[info] i  functions: ensuring necessary APIs are enabled...
[info] i  runtimeconfig: ensuring necessary APIs are enabled...
[debug] >>> HTTP REQUEST GET https://servicemanagement.googleapis.com/v1/services/cloudfunctions.googleapis.com/projectSettings/application-5baf2?view=CONSUMER_VIEW  
 Sun Jun 18 2017 04:30:34 GMT+0300 (הגדה המערבית ועזה - שעון קיץ)
[debug] >>> HTTP REQUEST GET https://servicemanagement.googleapis.com/v1/services/runtimeconfig.googleapis.com/projectSettings/application-5baf2?view=CONSUMER_VIEW  
 Sun Jun 18 2017 04:30:34 GMT+0300 (הגדה המערבית ועזה - שעון קיץ)
[debug] <<< HTTP RESPONSE 200
[info] +  runtimeconfig: all necessary APIs are enabled
[debug] <<< HTTP RESPONSE 200
[info] +  functions: all necessary APIs are enabled
[debug] >>> HTTP REQUEST GET https://appengine.googleapis.com/v1/apps/application-5baf2  
 Sun Jun 18 2017 04:30:43 GMT+0300 (הגדה המערבית ועזה - שעון קיץ)
[debug] >>> HTTP REQUEST GET https://apikeys.googleapis.com/v1/projects/application-5baf2/apiKeys  
 Sun Jun 18 2017 04:30:43 GMT+0300 (הגדה המערבית ועזה - שעון קיץ)
[debug] <<< HTTP RESPONSE 200
[debug] <<< HTTP RESPONSE 200
